{"/Users/tim/Development/attempting/src/lib/Accordion/Accordion.svelte": {"path":"/Users/tim/Development/attempting/src/lib/Accordion/Accordion.svelte","statementMap":{"0":{"start":{"line":2,"column":18},"end":{"line":2,"column":null}},"1":{"start":{"line":4,"column":22},"end":{"line":4,"column":null}},"2":{"start":{"line":77,"column":28},"end":{"line":77,"column":null}},"3":{"start":{"line":73,"column":15},"end":{"line":73,"column":null}},"4":{"start":{"line":74,"column":19},"end":{"line":74,"column":null}},"5":{"start":{"line":75,"column":20},"end":{"line":75,"column":null}},"6":{"start":{"line":76,"column":14},"end":{"line":76,"column":null}},"7":{"start":{"line":71,"column":9},"end":{"line":71,"column":26}},"8":{"start":{"line":71,"column":4},"end":{"line":71,"column":8}},"9":{"start":{"line":62,"column":24},"end":{"line":62,"column":null}},"10":{"start":{"line":63,"column":9},"end":{"line":63,"column":null}},"11":{"start":{"line":60,"column":0},"end":{"line":80,"column":null}},"12":{"start":{"line":71,"column":9},"end":{"line":71,"column":null}},"13":{"start":{"line":15,"column":4},"end":{"line":15,"column":null}},"14":{"start":{"line":24,"column":17},"end":{"line":24,"column":18}},"15":{"start":{"line":25,"column":6},"end":{"line":25,"column":null}},"16":{"start":{"line":33,"column":31},"end":{"line":33,"column":71}},"17":{"start":{"line":36,"column":6},"end":{"line":36,"column":null}},"18":{"start":{"line":43,"column":19},"end":{"line":43,"column":20}},"19":{"start":{"line":45,"column":10},"end":{"line":45,"column":null}},"20":{"start":{"line":47,"column":10},"end":{"line":47,"column":null}},"21":{"start":{"line":53,"column":6},"end":{"line":53,"column":null}},"22":{"start":{"line":20,"column":2},"end":{"line":20,"column":null}},"23":{"start":{"line":20,"column":3},"end":{"line":20,"column":null}}},"fnMap":{},"branchMap":{"0":{"loc":{"start":{"line":73,"column":15},"end":{"line":73,"column":null}},"type":"if","locations":[{"start":{"line":73,"column":15},"end":{"line":73,"column":null}}]},"1":{"loc":{"start":{"line":74,"column":19},"end":{"line":74,"column":null}},"type":"if","locations":[{"start":{"line":74,"column":19},"end":{"line":74,"column":null}}]},"2":{"loc":{"start":{"line":75,"column":20},"end":{"line":75,"column":null}},"type":"if","locations":[{"start":{"line":75,"column":20},"end":{"line":75,"column":null}}]},"3":{"loc":{"start":{"line":76,"column":14},"end":{"line":76,"column":null}},"type":"if","locations":[{"start":{"line":76,"column":14},"end":{"line":76,"column":null}}]},"4":{"loc":{"start":{"line":62,"column":24},"end":{"line":62,"column":null}},"type":"binary-expr","locations":[{"start":{"line":62,"column":24},"end":{"line":62,"column":31}},{"start":{"line":62,"column":24},"end":{"line":62,"column":31}},{"start":{"line":62,"column":24},"end":{"line":62,"column":null}}]},"5":{"loc":{"start":{"line":63,"column":9},"end":{"line":63,"column":null}},"type":"binary-expr","locations":[{"start":{"line":63,"column":9},"end":{"line":63,"column":16}},{"start":{"line":63,"column":9},"end":{"line":63,"column":16}},{"start":{"line":63,"column":9},"end":{"line":63,"column":null}}]}},"s":{"0":1,"1":1,"2":52,"3":70,"4":70,"5":70,"6":140,"7":26,"8":26,"9":26,"10":26,"11":26,"12":35,"13":0,"14":26,"15":52,"16":9,"17":4,"18":0,"19":0,"20":0,"21":5,"22":26,"23":26},"f":{},"b":{"0":[0],"1":[0],"2":[0],"3":[70],"4":[35,35,0],"5":[35,35,0]}}
,"/Users/tim/Development/attempting/src/lib/Accordion/AccordionButton.svelte": {"path":"/Users/tim/Development/attempting/src/lib/Accordion/AccordionButton.svelte","statementMap":{"0":{"start":{"line":3,"column":32},"end":{"line":3,"column":null}},"1":{"start":{"line":44,"column":3},"end":{"line":44,"column":null}},"2":{"start":{"line":36,"column":17},"end":{"line":36,"column":null}},"3":{"start":{"line":37,"column":17},"end":{"line":37,"column":null}},"4":{"start":{"line":38,"column":14},"end":{"line":38,"column":null}},"5":{"start":{"line":34,"column":0},"end":{"line":45,"column":null}},"6":{"start":{"line":44,"column":78},"end":{"line":44,"column":null}},"7":{"start":{"line":5,"column":32},"end":{"line":5,"column":null}},"8":{"start":{"line":6,"column":29},"end":{"line":6,"column":null}},"9":{"start":{"line":7,"column":23},"end":{"line":7,"column":null}},"10":{"start":{"line":8,"column":26},"end":{"line":8,"column":null}},"11":{"start":{"line":9,"column":31},"end":{"line":9,"column":null}},"12":{"start":{"line":10,"column":28},"end":{"line":10,"column":null}},"13":{"start":{"line":14,"column":19},"end":{"line":14,"column":null}},"14":{"start":{"line":22,"column":4},"end":{"line":23,"column":null}},"15":{"start":{"line":40,"column":13},"end":{"line":40,"column":null}},"16":{"start":{"line":40,"column":23},"end":{"line":40,"column":null}}},"fnMap":{"0":{"name":"(anonymous_10)","decl":{"start":{"line":40,"column":13},"end":{"line":40,"column":18}},"loc":{"start":{"line":40,"column":23},"end":{"line":40,"column":null}}}},"branchMap":{"0":{"loc":{"start":{"line":44,"column":3},"end":{"line":44,"column":78}},"type":"cond-expr","locations":[{"start":{"line":44,"column":17},"end":{"line":44,"column":31}},{"start":{"line":44,"column":31},"end":{"line":44,"column":78}}]},"1":{"loc":{"start":{"line":38,"column":14},"end":{"line":38,"column":38}},"type":"cond-expr","locations":[{"start":{"line":38,"column":23},"end":{"line":38,"column":36}},{"start":{"line":38,"column":36},"end":{"line":38,"column":38}}]},"2":{"loc":{"start":{"line":44,"column":3},"end":{"line":44,"column":null}},"type":"if","locations":[{"start":{"line":44,"column":3},"end":{"line":44,"column":null}}]},"3":{"loc":{"start":{"line":44,"column":3},"end":{"line":44,"column":null}},"type":"binary-expr","locations":[{"start":{"line":44,"column":3},"end":{"line":44,"column":14}},{"start":{"line":44,"column":3},"end":{"line":44,"column":null}}]},"4":{"loc":{"start":{"line":38,"column":14},"end":{"line":38,"column":null}},"type":"binary-expr","locations":[{"start":{"line":38,"column":14},"end":{"line":38,"column":20}},{"start":{"line":38,"column":14},"end":{"line":38,"column":null}}]}},"s":{"0":1,"1":113,"2":113,"3":52,"4":52,"5":52,"6":0,"7":52,"8":52,"9":52,"10":52,"11":52,"12":52,"13":52,"14":9,"15":52,"16":9},"f":{"0":9},"b":{"0":[52,0],"1":[5,108],"2":[0],"3":[61,0],"4":[61,61]}}
,"/Users/tim/Development/attempting/src/lib/Accordion/AccordionHeader.svelte": {"path":"/Users/tim/Development/attempting/src/lib/Accordion/AccordionHeader.svelte","statementMap":{"0":{"start":{"line":4,"column":24},"end":{"line":4,"column":null}},"1":{"start":{"line":18,"column":42},"end":{"line":18,"column":null}},"2":{"start":{"line":18,"column":0},"end":{"line":29,"column":null}},"3":{"start":{"line":5,"column":36},"end":{"line":5,"column":null}},"4":{"start":{"line":6,"column":32},"end":{"line":6,"column":null}},"5":{"start":{"line":7,"column":34},"end":{"line":7,"column":null}},"6":{"start":{"line":8,"column":31},"end":{"line":8,"column":null}},"7":{"start":{"line":9,"column":36},"end":{"line":9,"column":null}},"8":{"start":{"line":10,"column":23},"end":{"line":10,"column":null}},"9":{"start":{"line":11,"column":28},"end":{"line":11,"column":null}}},"fnMap":{},"branchMap":{"0":{"loc":{"start":{"line":5,"column":13},"end":{"line":5,"column":36}},"type":"default-arg","locations":[{"start":{"line":5,"column":35},"end":{"line":5,"column":36}}]},"1":{"loc":{"start":{"line":7,"column":13},"end":{"line":7,"column":34}},"type":"default-arg","locations":[{"start":{"line":7,"column":32},"end":{"line":7,"column":34}}]},"2":{"loc":{"start":{"line":8,"column":13},"end":{"line":8,"column":31}},"type":"default-arg","locations":[{"start":{"line":8,"column":29},"end":{"line":8,"column":31}}]},"3":{"loc":{"start":{"line":9,"column":13},"end":{"line":9,"column":36}},"type":"default-arg","locations":[{"start":{"line":9,"column":34},"end":{"line":9,"column":36}}]}},"s":{"0":1,"1":52,"2":52,"3":52,"4":52,"5":52,"6":52,"7":52,"8":52,"9":52},"f":{},"b":{"0":[0],"1":[0],"2":[0],"3":[0]}}
,"/Users/tim/Development/attempting/src/lib/Accordion/AccordionItem.svelte": {"path":"/Users/tim/Development/attempting/src/lib/Accordion/AccordionItem.svelte","statementMap":{"0":{"start":{"line":4,"column":23},"end":{"line":4,"column":null}},"1":{"start":{"line":5,"column":24},"end":{"line":5,"column":null}},"2":{"start":{"line":22,"column":40},"end":{"line":22,"column":54}},"3":{"start":{"line":22,"column":54},"end":{"line":22,"column":null}},"4":{"start":{"line":22,"column":0},"end":{"line":56,"column":null}},"5":{"start":{"line":34,"column":17},"end":{"line":34,"column":null}},"6":{"start":{"line":35,"column":22},"end":{"line":35,"column":null}},"7":{"start":{"line":36,"column":17},"end":{"line":36,"column":null}},"8":{"start":{"line":37,"column":16},"end":{"line":37,"column":null}},"9":{"start":{"line":38,"column":11},"end":{"line":38,"column":null}},"10":{"start":{"line":50,"column":18},"end":{"line":50,"column":null}},"11":{"start":{"line":51,"column":21},"end":{"line":51,"column":null}},"12":{"start":{"line":52,"column":24},"end":{"line":52,"column":null}},"13":{"start":{"line":53,"column":11},"end":{"line":53,"column":null}},"14":{"start":{"line":9,"column":36},"end":{"line":9,"column":null}},"15":{"start":{"line":10,"column":36},"end":{"line":10,"column":null}},"16":{"start":{"line":11,"column":35},"end":{"line":11,"column":null}},"17":{"start":{"line":12,"column":28},"end":{"line":12,"column":null}},"18":{"start":{"line":17,"column":2},"end":{"line":17,"column":null}},"19":{"start":{"line":17,"column":3},"end":{"line":17,"column":null}}},"fnMap":{},"branchMap":{"0":{"loc":{"start":{"line":34,"column":17},"end":{"line":34,"column":null}},"type":"if","locations":[{"start":{"line":34,"column":17},"end":{"line":34,"column":null}}]},"1":{"loc":{"start":{"line":35,"column":22},"end":{"line":35,"column":null}},"type":"if","locations":[{"start":{"line":35,"column":22},"end":{"line":35,"column":null}}]},"2":{"loc":{"start":{"line":36,"column":17},"end":{"line":36,"column":null}},"type":"if","locations":[{"start":{"line":36,"column":17},"end":{"line":36,"column":null}}]},"3":{"loc":{"start":{"line":37,"column":16},"end":{"line":37,"column":null}},"type":"if","locations":[{"start":{"line":37,"column":16},"end":{"line":37,"column":null}}]},"4":{"loc":{"start":{"line":38,"column":11},"end":{"line":38,"column":null}},"type":"if","locations":[{"start":{"line":38,"column":11},"end":{"line":38,"column":null}}]},"5":{"loc":{"start":{"line":50,"column":18},"end":{"line":50,"column":null}},"type":"if","locations":[{"start":{"line":50,"column":18},"end":{"line":50,"column":null}}]},"6":{"loc":{"start":{"line":51,"column":21},"end":{"line":51,"column":null}},"type":"if","locations":[{"start":{"line":51,"column":21},"end":{"line":51,"column":null}}]},"7":{"loc":{"start":{"line":52,"column":24},"end":{"line":52,"column":null}},"type":"if","locations":[{"start":{"line":52,"column":24},"end":{"line":52,"column":null}}]},"8":{"loc":{"start":{"line":53,"column":11},"end":{"line":53,"column":null}},"type":"if","locations":[{"start":{"line":53,"column":11},"end":{"line":53,"column":null}}]},"9":{"loc":{"start":{"line":22,"column":54},"end":{"line":22,"column":null}},"type":"binary-expr","locations":[{"start":{"line":22,"column":54},"end":{"line":22,"column":66}},{"start":{"line":22,"column":54},"end":{"line":22,"column":66}},{"start":{"line":22,"column":54},"end":{"line":22,"column":null}}]},"10":{"loc":{"start":{"line":10,"column":13},"end":{"line":10,"column":36}},"type":"default-arg","locations":[{"start":{"line":10,"column":35},"end":{"line":10,"column":36}}]},"11":{"loc":{"start":{"line":17,"column":13},"end":{"line":17,"column":46}},"type":"cond-expr","locations":[{"start":{"line":17,"column":22},"end":{"line":17,"column":32}},{"start":{"line":17,"column":35},"end":{"line":17,"column":46}}]}},"s":{"0":1,"1":1,"2":61,"3":52,"4":52,"5":61,"6":61,"7":61,"8":61,"9":61,"10":61,"11":61,"12":61,"13":61,"14":52,"15":52,"16":52,"17":52,"18":113,"19":113},"f":{},"b":{"0":[0],"1":[0],"2":[0],"3":[0],"4":[0],"5":[0],"6":[0],"7":[0],"8":[0],"9":[61,61,0],"10":[0],"11":[5,108]}}
,"/Users/tim/Development/attempting/src/lib/Accordion/AccordionPanel.svelte": {"path":"/Users/tim/Development/attempting/src/lib/Accordion/AccordionPanel.svelte","statementMap":{"0":{"start":{"line":25,"column":8},"end":{"line":25,"column":24}},"1":{"start":{"line":25,"column":4},"end":{"line":25,"column":null}},"2":{"start":{"line":24,"column":7},"end":{"line":24,"column":null}},"3":{"start":{"line":19,"column":6},"end":{"line":19,"column":null}},"4":{"start":{"line":20,"column":19},"end":{"line":20,"column":null}},"5":{"start":{"line":18,"column":20},"end":{"line":18,"column":null}},"6":{"start":{"line":15,"column":0},"end":{"line":27,"column":null}},"7":{"start":{"line":2,"column":38},"end":{"line":2,"column":null}},"8":{"start":{"line":3,"column":28},"end":{"line":3,"column":null}},"9":{"start":{"line":4,"column":28},"end":{"line":4,"column":null}},"10":{"start":{"line":5,"column":30},"end":{"line":5,"column":null}},"11":{"start":{"line":6,"column":31},"end":{"line":6,"column":null}}},"fnMap":{},"branchMap":{"0":{"loc":{"start":{"line":25,"column":8},"end":{"line":25,"column":24}},"type":"if","locations":[{"start":{"line":25,"column":8},"end":{"line":25,"column":24}}]},"1":{"loc":{"start":{"line":24,"column":7},"end":{"line":24,"column":null}},"type":"binary-expr","locations":[{"start":{"line":24,"column":7},"end":{"line":24,"column":null}},{"start":{"line":24,"column":13},"end":{"line":24,"column":null}}]},"2":{"loc":{"start":{"line":2,"column":13},"end":{"line":2,"column":38}},"type":"default-arg","locations":[{"start":{"line":2,"column":36},"end":{"line":2,"column":38}}]},"3":{"loc":{"start":{"line":6,"column":13},"end":{"line":6,"column":31}},"type":"default-arg","locations":[{"start":{"line":6,"column":29},"end":{"line":6,"column":31}}]}},"s":{"0":5,"1":5,"2":52,"3":52,"4":52,"5":113,"6":52,"7":52,"8":52,"9":52,"10":52,"11":52},"f":{},"b":{"0":[0],"1":[52,0],"2":[0],"3":[0]}}
}
