TN:
SF:src/lib/Accordion/Accordion.svelte
FNF:0
FNH:0
DA:2,1
DA:4,1
DA:15,0
DA:20,26
DA:24,26
DA:25,52
DA:33,9
DA:36,4
DA:43,0
DA:45,0
DA:47,0
DA:53,5
DA:60,26
DA:62,26
DA:63,26
DA:71,35
DA:73,70
DA:74,70
DA:75,70
DA:76,140
DA:77,52
LF:21
LH:17
BRDA:73,0,0,0
BRDA:74,1,0,0
BRDA:75,2,0,0
BRDA:76,3,0,70
BRDA:62,4,0,35
BRDA:62,4,1,35
BRDA:62,4,2,0
BRDA:63,5,0,35
BRDA:63,5,1,35
BRDA:63,5,2,0
BRF:10
BRH:5
end_of_record
TN:
SF:src/lib/Accordion/AccordionButton.svelte
FN:40,(anonymous_10)
FNF:1
FNH:1
FNDA:9,(anonymous_10)
DA:3,1
DA:5,52
DA:6,52
DA:7,52
DA:8,52
DA:9,52
DA:10,52
DA:14,52
DA:22,9
DA:34,52
DA:36,113
DA:37,52
DA:38,52
DA:40,52
DA:44,113
LF:15
LH:15
BRDA:44,0,0,52
BRDA:44,0,1,0
BRDA:38,1,0,5
BRDA:38,1,1,108
BRDA:44,2,0,0
BRDA:44,3,0,61
BRDA:44,3,1,0
BRDA:38,4,0,61
BRDA:38,4,1,61
BRF:9
BRH:6
end_of_record
TN:
SF:src/lib/Accordion/AccordionHeader.svelte
FNF:0
FNH:0
DA:4,1
DA:5,52
DA:6,52
DA:7,52
DA:8,52
DA:9,52
DA:10,52
DA:11,52
DA:18,52
LF:9
LH:9
BRDA:5,0,0,0
BRDA:7,1,0,0
BRDA:8,2,0,0
BRDA:9,3,0,0
BRF:4
BRH:0
end_of_record
TN:
SF:src/lib/Accordion/AccordionItem.svelte
FNF:0
FNH:0
DA:4,1
DA:5,1
DA:9,52
DA:10,52
DA:11,52
DA:12,52
DA:17,113
DA:22,61
DA:34,61
DA:35,61
DA:36,61
DA:37,61
DA:38,61
DA:50,61
DA:51,61
DA:52,61
DA:53,61
LF:17
LH:17
BRDA:34,0,0,0
BRDA:35,1,0,0
BRDA:36,2,0,0
BRDA:37,3,0,0
BRDA:38,4,0,0
BRDA:50,5,0,0
BRDA:51,6,0,0
BRDA:52,7,0,0
BRDA:53,8,0,0
BRDA:22,9,0,61
BRDA:22,9,1,61
BRDA:22,9,2,0
BRDA:10,10,0,0
BRDA:17,11,0,5
BRDA:17,11,1,108
BRF:15
BRH:4
end_of_record
TN:
SF:src/lib/Accordion/AccordionPanel.svelte
FNF:0
FNH:0
DA:2,52
DA:3,52
DA:4,52
DA:5,52
DA:6,52
DA:15,52
DA:18,113
DA:19,52
DA:20,52
DA:24,52
DA:25,5
LF:11
LH:11
BRDA:25,0,0,0
BRDA:24,1,0,52
BRDA:24,1,1,0
BRDA:2,2,0,0
BRDA:6,3,0,0
BRF:5
BRH:1
end_of_record
