TN:
SF:src/lib/Accordion.svelte
FNF:0
FNH:0
DA:2,1
DA:4,1
DA:15,0
DA:20,26
DA:24,26
DA:25,52
DA:33,9
DA:36,4
DA:43,0
DA:45,0
DA:47,0
DA:53,5
DA:60,26
DA:62,26
DA:63,26
DA:71,35
DA:73,70
DA:74,70
DA:75,70
DA:76,140
DA:77,52
LF:21
LH:17
BRDA:73,0,0,0
BRDA:74,1,0,0
BRDA:75,2,0,0
BRDA:76,3,0,70
BRDA:62,4,0,35
BRDA:62,4,1,35
BRDA:62,4,2,0
BRDA:63,5,0,35
BRDA:63,5,1,35
BRDA:63,5,2,0
BRF:10
BRH:5
end_of_record
TN:
SF:src/lib/Button.svelte
FNF:0
FNH:0
DA:5,10
DA:8,10
DA:11,10
DA:14,10
DA:17,10
DA:21,10
DA:22,10
LF:7
LH:7
BRDA:21,0,0,4
BRDA:22,1,0,0
BRDA:8,2,0,0
BRDA:11,3,0,0
BRDA:14,4,0,0
BRDA:17,5,0,10
BRF:6
BRH:2
end_of_record
TN:
SF:src/lib/Checkbox.svelte
FNF:0
FNH:0
DA:2,1
DA:3,1
DA:4,1
DA:5,1
DA:6,1
DA:7,1
DA:17,1
DA:18,1
DA:21,1
DA:25,1
LF:10
LH:10
BRDA:25,0,0,0
BRDA:25,1,0,0
BRDA:25,1,1,0
BRDA:4,2,0,0
BRDA:5,3,0,0
BRDA:6,4,0,1
BRDA:7,5,0,1
BRF:7
BRH:2
end_of_record
TN:
SF:src/lib/Meter.svelte
FNF:0
FNH:0
DA:3,5
DA:4,5
DA:5,5
DA:6,5
DA:7,5
DA:10,5
DA:11,5
DA:12,5
DA:13,5
DA:14,5
DA:15,5
DA:16,5
DA:17,5
DA:25,0
DA:26,0
DA:28,5
DA:29,5
DA:33,0
DA:37,5
DA:38,5
DA:39,5
DA:40,5
DA:42,5
DA:44,5
DA:46,5
DA:47,5
DA:48,5
DA:49,5
DA:50,5
DA:51,5
DA:53,5
DA:54,5
DA:55,5
DA:56,5
DA:57,5
DA:58,5
LF:36
LH:33
BRDA:42,0,0,0
BRDA:42,1,0,0
BRDA:38,2,0,0
BRDA:38,2,1,0
BRDA:39,3,0,0
BRDA:39,3,1,0
BRDA:46,4,0,0
BRDA:46,4,1,0
BRDA:57,5,0,0
BRDA:57,5,1,0
BRDA:13,6,0,5
BRDA:14,7,0,5
BRDA:15,8,0,5
BRDA:16,9,0,5
BRDA:17,10,0,5
BRF:15
BRH:5
end_of_record
TN:
SF:src/lib/TextInput.svelte
FNF:0
FNH:0
DA:4,4
DA:5,4
DA:6,4
DA:7,4
DA:10,4
DA:11,4
DA:12,4
DA:13,4
DA:14,4
DA:15,4
DA:16,4
DA:18,4
DA:19,4
DA:20,4
DA:21,4
DA:22,4
DA:27,4
DA:28,4
DA:29,4
DA:30,4
DA:32,4
DA:46,4
LF:22
LH:22
BRDA:30,0,0,0
BRDA:4,1,0,0
BRDA:5,2,0,0
BRDA:6,3,0,0
BRDA:7,4,0,0
BRDA:10,5,0,4
BRDA:11,6,0,4
BRDA:12,7,0,4
BRDA:13,8,0,4
BRDA:14,9,0,4
BRDA:15,10,0,4
BRDA:16,11,0,4
BRDA:18,12,0,4
BRDA:19,13,0,4
BRDA:20,14,0,4
BRDA:21,15,0,4
BRDA:22,16,0,4
BRF:17
BRH:12
end_of_record
TN:
SF:src/lib/Accordion/AccordionButton.svelte
FN:40,(anonymous_10)
FNF:1
FNH:1
FNDA:9,(anonymous_10)
DA:3,1
DA:5,52
DA:6,52
DA:7,52
DA:8,52
DA:9,52
DA:10,52
DA:14,52
DA:22,9
DA:34,52
DA:36,113
DA:37,52
DA:38,52
DA:40,52
DA:44,113
LF:15
LH:15
BRDA:44,0,0,52
BRDA:44,0,1,0
BRDA:38,1,0,5
BRDA:38,1,1,108
BRDA:44,2,0,0
BRDA:44,3,0,61
BRDA:44,3,1,0
BRDA:38,4,0,61
BRDA:38,4,1,61
BRF:9
BRH:6
end_of_record
TN:
SF:src/lib/Accordion/AccordionHeader.svelte
FNF:0
FNH:0
DA:4,1
DA:5,52
DA:6,52
DA:7,52
DA:8,52
DA:9,52
DA:10,52
DA:11,52
DA:18,52
LF:9
LH:9
BRDA:5,0,0,0
BRDA:7,1,0,0
BRDA:8,2,0,0
BRDA:9,3,0,0
BRF:4
BRH:0
end_of_record
TN:
SF:src/lib/Accordion/AccordionItem.svelte
FNF:0
FNH:0
DA:4,1
DA:5,1
DA:9,52
DA:10,52
DA:11,52
DA:12,52
DA:17,113
DA:22,61
DA:34,61
DA:35,61
DA:36,61
DA:37,61
DA:38,61
DA:50,61
DA:51,61
DA:52,61
DA:53,61
LF:17
LH:17
BRDA:34,0,0,0
BRDA:35,1,0,0
BRDA:36,2,0,0
BRDA:37,3,0,0
BRDA:38,4,0,0
BRDA:50,5,0,0
BRDA:51,6,0,0
BRDA:52,7,0,0
BRDA:53,8,0,0
BRDA:22,9,0,61
BRDA:22,9,1,61
BRDA:22,9,2,0
BRDA:10,10,0,0
BRDA:17,11,0,5
BRDA:17,11,1,108
BRF:15
BRH:4
end_of_record
TN:
SF:src/lib/Accordion/AccordionPanel.svelte
FNF:0
FNH:0
DA:2,52
DA:3,52
DA:4,52
DA:5,52
DA:6,52
DA:15,52
DA:18,113
DA:19,52
DA:20,52
DA:24,52
DA:25,5
LF:11
LH:11
BRDA:25,0,0,0
BRDA:24,1,0,52
BRDA:24,1,1,0
BRDA:2,2,0,0
BRDA:6,3,0,0
BRF:5
BRH:1
end_of_record
